<?xml version="1.0" encoding="UTF-8"?>
<robot generator="Robot 7.0 (Python 3.12.3 on win32)" generated="2024-05-13T16:23:59.754055" rpa="false" schemaversion="5">
<suite id="s1" name="API Tests Robot Framework" source="C:\Projetos\API Tests Robot Framework">
<suite id="s1-s1" name="VerifyResponse" source="C:\Projetos\API Tests Robot Framework\VerifyResponse.robot">
<test id="s1-s1-t1" name="CENÁRIO 01" line="31">
<kw name="Get Product by id 3" source_name="Get Product by id ${id}">
<kw name="Create Dictionary" owner="BuiltIn">
<msg time="2024-05-13T16:23:59.924041" level="INFO">&amp;{headers} = { Content-type=application/json }</msg>
<var>&amp;{headers}</var>
<arg>Content-type=application/json</arg>
<doc>Creates and returns a dictionary based on the given ``items``.</doc>
<status status="PASS" start="2024-05-13T16:23:59.924041" elapsed="0.000998"/>
</kw>
<kw name="Replace String" owner="String">
<msg time="2024-05-13T16:23:59.925039" level="INFO">${GET_ONE_PRODUCT} = 3</msg>
<var>${GET_ONE_PRODUCT}</var>
<arg>${GET_ONE_PRODUCT}</arg>
<arg>idProduct</arg>
<arg>${id}</arg>
<doc>Replaces ``search_for`` in the given ``string`` with ``replace_with``.</doc>
<status status="PASS" start="2024-05-13T16:23:59.925039" elapsed="0.000999"/>
</kw>
<kw name="GET" owner="RequestsLibrary">
<msg time="2024-05-13T16:24:00.956595" level="INFO">GET Request : url=https://dummyjson.com/products/3 
 path_url=/products/3 
 headers={'User-Agent': 'python-requests/2.31.0', 'Accept-Encoding': 'gzip, deflate', 'Accept': '*/*', 'Connection': 'keep-alive', 'Content-type': 'application/json'} 
 body=None 
 </msg>
<msg time="2024-05-13T16:24:00.957594" level="INFO">GET Response : url=https://dummyjson.com/products/3 
 status=200, reason=OK 
 headers={'access-control-allow-origin': '*', 'x-dns-prefetch-control': 'off', 'x-frame-options': 'SAMEORIGIN', 'strict-transport-security': 'max-age=15552000; includeSubDomains', 'x-download-options': 'noopen', 'x-content-type-options': 'nosniff', 'x-xss-protection': '1; mode=block', 'x-ratelimit-limit': '100', 'x-ratelimit-remaining': '99', 'date': 'Mon, 13 May 2024 19:24:01 GMT', 'x-ratelimit-reset': '1715628251', 'content-type': 'application/json; charset=utf-8', 'content-length': '357', 'etag': 'W/"165-+GIHhlLnZ7lH1q0XfQ8p5ALjuIM"', 'vary': 'Accept-Encoding', 'server': 'railway'} 
 body={"id":3,"title":"Samsung Universe 9","description":"Samsung's new variant which goes beyond Galaxy to the Universe","price":1249,"discountPercentage":15.46,"rating":4.09,"stock":36,"brand":"Samsung","category":"smartphones","thumbnail":"https://cdn.dummyjson.com/product-images/3/thumbnail.jpg","images":["https://cdn.dummyjson.com/product-images/3/1.jpg"]} 
 </msg>
<msg time="2024-05-13T16:24:00.957594" level="INFO">${response} = &lt;Response [200]&gt;</msg>
<var>${response}</var>
<arg>url=${HOST}/${GET_PRODUCTS}/${GET_ONE_PRODUCT}</arg>
<arg>headers=&amp;{headers}</arg>
<doc>Sends a GET request.</doc>
<status status="PASS" start="2024-05-13T16:23:59.926038" elapsed="1.031556"/>
</kw>
<return>
<value>${response}</value>
<status status="PASS" start="2024-05-13T16:24:00.958592" elapsed="0.000000"/>
</return>
<msg time="2024-05-13T16:24:00.959592" level="INFO">${responseRequest} = &lt;Response [200]&gt;</msg>
<var>${responseRequest}</var>
<status status="PASS" start="2024-05-13T16:23:59.923039" elapsed="1.036553"/>
</kw>
<kw name="Should Be Equal As Strings" owner="BuiltIn">
<msg time="2024-05-13T16:24:00.961589" level="INFO">Argument types are:
&lt;class 'int'&gt;
&lt;class 'str'&gt;</msg>
<arg>${responseRequest.status_code}</arg>
<arg>200</arg>
<doc>Fails if objects are unequal after converting them to strings.</doc>
<status status="PASS" start="2024-05-13T16:24:00.960589" elapsed="0.001000"/>
</kw>
<kw name="Should Be Equal As Strings" owner="BuiltIn">
<arg>${responseRequest.json()["title"]}</arg>
<arg>Samsung Universe 9</arg>
<doc>Fails if objects are unequal after converting them to strings.</doc>
<status status="PASS" start="2024-05-13T16:24:00.962588" elapsed="0.000999"/>
</kw>
<kw name="Should Be Equal As Strings" owner="BuiltIn">
<msg time="2024-05-13T16:24:00.965586" level="INFO">Argument types are:
&lt;class 'int'&gt;
&lt;class 'str'&gt;</msg>
<arg>${responseRequest.json()["price"]}</arg>
<arg>1249</arg>
<doc>Fails if objects are unequal after converting them to strings.</doc>
<status status="PASS" start="2024-05-13T16:24:00.964586" elapsed="0.001000"/>
</kw>
<kw name="Log" owner="BuiltIn">
<msg time="2024-05-13T16:24:00.967585" level="INFO">{'id': 3, 'title': 'Samsung Universe 9', 'description': "Samsung's new variant which goes beyond Galaxy to the Universe", 'price': 1249, 'discountPercentage': 15.46, 'rating': 4.09, 'stock': 36, 'brand': 'Samsung', 'category': 'smartphones', 'thumbnail': 'https://cdn.dummyjson.com/product-images/3/thumbnail.jpg', 'images': ['https://cdn.dummyjson.com/product-images/3/1.jpg']}</msg>
<arg>${responseRequest.json()}</arg>
<doc>Logs the given message with the given level.</doc>
<status status="PASS" start="2024-05-13T16:24:00.966585" elapsed="0.001000"/>
</kw>
<kw name="Log" owner="BuiltIn">
<msg time="2024-05-13T16:24:00.968584" level="INFO">Samsung Universe 9</msg>
<arg>${responseRequest.json()["title"]}</arg>
<doc>Logs the given message with the given level.</doc>
<status status="PASS" start="2024-05-13T16:24:00.968584" elapsed="0.001000"/>
</kw>
<status status="PASS" start="2024-05-13T16:23:59.922041" elapsed="1.047543"/>
</test>
<test id="s1-s1-t2" name="Cenário 02" line="40">
<kw name="Delete Product by 9" source_name="Delete Product by ${id}">
<kw name="Create Dictionary" owner="BuiltIn">
<msg time="2024-05-13T16:24:00.975582" level="INFO">&amp;{headers} = { Content-type=application/json }</msg>
<var>&amp;{headers}</var>
<arg>Content-type=application/json</arg>
<doc>Creates and returns a dictionary based on the given ``items``.</doc>
<status status="PASS" start="2024-05-13T16:24:00.974581" elapsed="0.001001"/>
</kw>
<kw name="Replace String" owner="String">
<msg time="2024-05-13T16:24:00.976581" level="INFO">${DELETE_PRODUCT} = 9</msg>
<var>${DELETE_PRODUCT}</var>
<arg>${DELETE_PRODUCT}</arg>
<arg>idProduct/delete</arg>
<arg>${id}</arg>
<doc>Replaces ``search_for`` in the given ``string`` with ``replace_with``.</doc>
<status status="PASS" start="2024-05-13T16:24:00.975582" elapsed="0.000999"/>
</kw>
<kw name="DELETE" owner="RequestsLibrary">
<msg time="2024-05-13T16:24:01.963608" level="INFO">DELETE Request : url=https://dummyjson.com/products/9 
 path_url=/products/9 
 headers={'User-Agent': 'python-requests/2.31.0', 'Accept-Encoding': 'gzip, deflate', 'Accept': '*/*', 'Connection': 'keep-alive', 'Content-type': 'application/json', 'Content-Length': '0'} 
 body=None 
 </msg>
<msg time="2024-05-13T16:24:01.964608" level="INFO">DELETE Response : url=https://dummyjson.com/products/9 
 status=200, reason=OK 
 headers={'access-control-allow-origin': '*', 'x-dns-prefetch-control': 'off', 'x-frame-options': 'SAMEORIGIN', 'strict-transport-security': 'max-age=15552000; includeSubDomains', 'x-download-options': 'noopen', 'x-content-type-options': 'nosniff', 'x-xss-protection': '1; mode=block', 'x-ratelimit-limit': '100', 'x-ratelimit-remaining': '98', 'date': 'Mon, 13 May 2024 19:24:02 GMT', 'x-ratelimit-reset': '1715628251', 'content-type': 'application/json; charset=utf-8', 'content-length': '625', 'etag': 'W/"271-NElIU+g9j69fB3FtzX7oQYbw0eQ"', 'vary': 'Accept-Encoding', 'server': 'railway'} 
 body={"id":9,"title":"Infinix INBOOK","description":"Infinix Inbook X1 Ci3 10th 8GB 256GB 14 Win10 Grey – 1 Year Warranty","price":1099,"discountPercentage":11.83,"rating":4.54,"stock":96,"brand":"Infinix","category":"laptops","thumbnail":"https://cdn.dummyjson.com/product-images/9/thumbnail.jpg","images":["https://cdn.dummyjson.com/product-images/9/1.jpg","https://cdn.dummyjson.com/product-images/9/2.png","https://cdn.dummyjson.com/product-images/9/3.png","https://cdn.dummyjson.com/product-images/9/4.jpg","https://cdn.dummyjson.com/product-images/9/thumbnail.jpg"],"isDeleted":true,"deletedOn":"2024-05-13T19:24:02.392Z"} 
 </msg>
<msg time="2024-05-13T16:24:01.965608" level="INFO">${response} = &lt;Response [200]&gt;</msg>
<var>${response}</var>
<arg>url=${HOST}/${GET_PRODUCTS}/${DELETE_PRODUCT}</arg>
<arg>headers=&amp;{headers}</arg>
<doc>Sends a DELETE request.</doc>
<status status="PASS" start="2024-05-13T16:24:00.977578" elapsed="0.989025"/>
</kw>
<return>
<value>${response}</value>
<status status="PASS" start="2024-05-13T16:24:01.966603" elapsed="0.000999"/>
</return>
<msg time="2024-05-13T16:24:01.967602" level="INFO">${response} = &lt;Response [200]&gt;</msg>
<var>${response}</var>
<status status="PASS" start="2024-05-13T16:24:00.973583" elapsed="0.995028"/>
</kw>
<kw name="Should Be True" owner="BuiltIn">
<arg>${response.json()["isDeleted"]}</arg>
<doc>Fails if the given condition is not true.</doc>
<status status="PASS" start="2024-05-13T16:24:01.969604" elapsed="0.001999"/>
</kw>
<kw name="Log" owner="BuiltIn">
<msg time="2024-05-13T16:24:01.974600" level="INFO">{'id': 9, 'title': 'Infinix INBOOK', 'description': 'Infinix Inbook X1 Ci3 10th 8GB 256GB 14 Win10 Grey – 1 Year Warranty', 'price': 1099, 'discountPercentage': 11.83, 'rating': 4.54, 'stock': 96, 'brand': 'Infinix', 'category': 'laptops', 'thumbnail': 'https://cdn.dummyjson.com/product-images/9/thumbnail.jpg', 'images': ['https://cdn.dummyjson.com/product-images/9/1.jpg', 'https://cdn.dummyjson.com/product-images/9/2.png', 'https://cdn.dummyjson.com/product-images/9/3.png', 'https://cdn.dummyjson.com/product-images/9/4.jpg', 'https://cdn.dummyjson.com/product-images/9/thumbnail.jpg'], 'isDeleted': True, 'deletedOn': '2024-05-13T19:24:02.392Z'}</msg>
<arg>${response.json()}</arg>
<doc>Logs the given message with the given level.</doc>
<status status="PASS" start="2024-05-13T16:24:01.972601" elapsed="0.002997"/>
</kw>
<status status="PASS" start="2024-05-13T16:24:00.972581" elapsed="1.004018"/>
</test>
<status status="PASS" start="2024-05-13T16:23:59.792032" elapsed="2.187564"/>
</suite>
<status status="PASS" start="2024-05-13T16:23:59.760052" elapsed="2.223542"/>
</suite>
<statistics>
<total>
<stat pass="2" fail="0" skip="0">All Tests</stat>
</total>
<tag>
</tag>
<suite>
<stat pass="2" fail="0" skip="0" id="s1" name="API Tests Robot Framework">API Tests Robot Framework</stat>
<stat pass="2" fail="0" skip="0" id="s1-s1" name="VerifyResponse">API Tests Robot Framework.VerifyResponse</stat>
</suite>
</statistics>
<errors>
</errors>
</robot>
